C51 COMPILER V9.60.7.0   COMMON                                                            05/18/2025 23:50:41 PAGE 1   


C51 COMPILER V9.60.7.0, COMPILATION OF MODULE COMMON
OBJECT MODULE PLACED IN ..\Output\common.obj
COMPILER INVOKED BY: D:\APP\Keil_STM32\C51\BIN\C51.EXE ..\Emembed\Src\common.c LARGE OPTIMIZE(8,SPEED) BROWSE INCDIR(..\
                    -BSP\Inc;..\Core\Inc;..\Driver;..\Emembed\Inc;..\SYSTEM\Inc) DEBUG OBJECTEXTEND PRINT(.\Listings\common.lst) OBJECT(..\Ou
                    -tput\common.obj)

line level    source

   1          #include "common.h"
   2          
   3          /**
   4           * @brief       一些定时执行的事件   Timer3：10ms
   5           *
   6           * @param   
   7           *
   8           * @return  void
   9          **/
  10          void Tim3_ISR( void ) interrupt 19
  11          {
  12   1      
  13   1          static uint16_t temp_scan_cnt = 0;
  14   1      
  15   1          /* 1, temp 上报 1s/次                             */
  16   1          if( temp.temp_scan_flag == 0 )
  17   1          {
  18   2              temp_scan_cnt++;
  19   2              if( temp_scan_cnt == 100 )
  20   2              {
  21   3                  temp.temp_scan_flag = 1;
  22   3                  temp_scan_cnt = 0;
  23   3              }
  24   2          }
  25   1      }


MODULE INFORMATION:   STATIC OVERLAYABLE
   CODE SIZE        =     57    ----
   CONSTANT SIZE    =   ----    ----
   XDATA SIZE       =      2    ----
   PDATA SIZE       =   ----    ----
   DATA SIZE        =   ----    ----
   IDATA SIZE       =   ----    ----
   BIT SIZE         =   ----    ----
END OF MODULE INFORMATION.


C51 COMPILATION COMPLETE.  0 WARNING(S),  0 ERROR(S)
