C51 COMPILER V9.60.7.0   POWER_CRL                                                         05/16/2025 17:04:31 PAGE 1   


C51 COMPILER V9.60.7.0, COMPILATION OF MODULE POWER_CRL
OBJECT MODULE PLACED IN ..\Output\power_crl.obj
COMPILER INVOKED BY: D:\APP\Keil_v5\C51\BIN\C51.EXE ..\BSP\Src\power_crl.c LARGE OPTIMIZE(8,SPEED) BROWSE INCDIR(..\BSP\
                    -Inc;..\Core\Inc;..\Driver;..\Emembed\Inc;..\SYSTEM\Inc) DEBUG OBJECTEXTEND PRINT(.\Listings\power_crl.lst) OBJECT(..\Out
                    -put\power_crl.obj)

line level    source

   1          #include "power_crl.h"
   2          
   3          AC_DC ac_dc;
   4          
   5          /**
   6           * @brief       24V LED开关控制函数
   7           *
   8           * @param   on_off：0：关闭 1：开启
   9           *
  10           * @return  void
  11          **/
  12          void led_ctrl( uint8_t on_off )
  13          {
  14   1          if( on_off == FAN_ON )
  15   1          {
  16   2              LED = 0;
  17   2          }else
  18   1          {
  19   2              LED = 1;
  20   2          }
  21   1      }
  22          
  23          /**
  24           * @brief       24V PWM风扇档位控制函数
  25           *
  26           * @param   level :风扇档位 0~6档
  27           *
  28           * @return  void
  29          **/
  30          void fan_ctrl( uint8_t level )
  31          {
  32   1          PWMB_CCR7= level * 184;
  33   1      }
  34          
  35          /**
  36           * @brief 温度扫描，DHT11温湿度扫描 1s/次 控制220V输出使能
  37           *
  38           * @param[in] 
  39           * 
  40           * @return  
  41           * 
  42          **/
  43          void temp_scan( void )
  44          {
  45   1          if( temp.temp_scan_flag == 1)
  46   1          {
  47   2              temp.temp_value1 =  get_temp(NTC);
  48   2      
  49   2              Read_DHT11();
  50   2      
  51   2              if( temp.temp_value1 >= temp.temp_alarm_value )  
  52   2              {
  53   3                  ac_dc.ac220_out_temp_allow = 0;     
C51 COMPILER V9.60.7.0   POWER_CRL                                                         05/16/2025 17:04:31 PAGE 2   

  54   3              }else
  55   2              {
  56   3                  ac_dc.ac220_out_temp_allow = 1;     
  57   3              }
  58   2      
  59   2              temp.temp_scan_flag = 0;
  60   2          }
  61   1      }
  62          
  63          


MODULE INFORMATION:   STATIC OVERLAYABLE
   CODE SIZE        =     78    ----
   CONSTANT SIZE    =   ----    ----
   XDATA SIZE       =     11    ----
   PDATA SIZE       =   ----    ----
   DATA SIZE        =   ----    ----
   IDATA SIZE       =   ----    ----
   BIT SIZE         =   ----    ----
END OF MODULE INFORMATION.


C51 COMPILATION COMPLETE.  0 WARNING(S),  0 ERROR(S)
